2020-04-06 01:17:03,449 ----------------------------------------------------------------------------------------------------
2020-04-06 01:17:03,449 Model: "SequenceTagger(
  (embeddings): StackedEmbeddings(
    (list_embedding_0): WordEmbeddings('glove')
    (list_embedding_1): FlairEmbeddings(
      (lm): LanguageModel(
        (drop): Dropout(p=0.25, inplace=False)
        (encoder): Embedding(275, 100)
        (rnn): LSTM(100, 2048)
        (decoder): Linear(in_features=2048, out_features=275, bias=True)
      )
    )
    (list_embedding_2): FlairEmbeddings(
      (lm): LanguageModel(
        (drop): Dropout(p=0.25, inplace=False)
        (encoder): Embedding(275, 100)
        (rnn): LSTM(100, 2048)
        (decoder): Linear(in_features=2048, out_features=275, bias=True)
      )
    )
  )
  (dropout): Dropout(p=0.2, inplace=False)
  (word_dropout): WordDropout(p=0.05)
  (locked_dropout): LockedDropout(p=0.5)
  (embedding2nn): Linear(in_features=4196, out_features=4196, bias=True)
  (rnn): LSTM(4196, 256, batch_first=True, bidirectional=True)
  (linear): Linear(in_features=512, out_features=9, bias=True)
  (beta): 1.0
  (weights): None
  (weight_tensor) None
)"
2020-04-06 01:17:03,449 ----------------------------------------------------------------------------------------------------
2020-04-06 01:17:03,449 Corpus: "Corpus: 3000 train + 1000 dev + 1171 test sentences"
2020-04-06 01:17:03,449 ----------------------------------------------------------------------------------------------------
2020-04-06 01:17:03,449 Parameters:
2020-04-06 01:17:03,449  - learning_rate: "0.1"
2020-04-06 01:17:03,449  - mini_batch_size: "8"
2020-04-06 01:17:03,449  - patience: "3"
2020-04-06 01:17:03,449  - anneal_factor: "0.5"
2020-04-06 01:17:03,449  - max_epochs: "50"
2020-04-06 01:17:03,449  - shuffle: "True"
2020-04-06 01:17:03,449  - train_with_dev: "False"
2020-04-06 01:17:03,449  - batch_growth_annealing: "False"
2020-04-06 01:17:03,464 ----------------------------------------------------------------------------------------------------
2020-04-06 01:17:03,464 Model training base path: "resources\taggers\example-ner"
2020-04-06 01:17:03,464 ----------------------------------------------------------------------------------------------------
2020-04-06 01:17:03,464 Device: cuda:0
2020-04-06 01:17:03,464 ----------------------------------------------------------------------------------------------------
2020-04-06 01:17:03,464 Embeddings storage mode: cpu
2020-04-06 01:17:03,464 ----------------------------------------------------------------------------------------------------
2020-04-06 01:19:15,103 epoch 1 - iter 37/375 - loss 17.59330759 - samples/sec: 2.25
2020-04-06 01:21:24,641 epoch 1 - iter 74/375 - loss 14.32716714 - samples/sec: 2.32
2020-04-06 01:23:37,629 epoch 1 - iter 111/375 - loss 12.87749477 - samples/sec: 2.25
2020-04-06 01:25:53,934 epoch 1 - iter 148/375 - loss 12.26719726 - samples/sec: 2.20
2020-04-06 01:28:06,832 epoch 1 - iter 185/375 - loss 11.48664745 - samples/sec: 2.27
2020-04-06 01:31:06,207 epoch 1 - iter 222/375 - loss 10.93454099 - samples/sec: 1.67
2020-04-06 01:33:09,288 epoch 1 - iter 259/375 - loss 10.38030067 - samples/sec: 2.44
2020-04-06 01:35:35,249 epoch 1 - iter 296/375 - loss 9.96715795 - samples/sec: 2.05
2020-04-06 01:38:54,042 epoch 1 - iter 333/375 - loss 9.88023123 - samples/sec: 1.50
2020-04-06 01:41:59,900 epoch 1 - iter 370/375 - loss 9.71049423 - samples/sec: 1.61
2020-04-06 01:42:15,874 ----------------------------------------------------------------------------------------------------
2020-04-06 01:42:15,875 EPOCH 1 done: loss 9.6558 - lr 0.1000
2020-04-06 01:50:19,055 DEV : loss 6.419536113739014 - score 0.5174
2020-04-06 01:50:19,193 BAD EPOCHS (no improvement): 0
2020-04-06 01:50:23,915 ----------------------------------------------------------------------------------------------------
2020-04-06 01:50:55,231 epoch 2 - iter 37/375 - loss 6.45077674 - samples/sec: 9.45
2020-04-06 01:51:33,330 epoch 2 - iter 74/375 - loss 7.52842484 - samples/sec: 8.12
2020-04-06 01:52:05,191 epoch 2 - iter 111/375 - loss 7.22999717 - samples/sec: 9.80
2020-04-06 01:52:31,823 epoch 2 - iter 148/375 - loss 6.89693934 - samples/sec: 11.87
2020-04-06 01:53:02,147 epoch 2 - iter 185/375 - loss 6.82855520 - samples/sec: 10.33
2020-04-06 01:53:35,660 epoch 2 - iter 222/375 - loss 6.76829023 - samples/sec: 9.29
2020-04-06 01:54:09,900 epoch 2 - iter 259/375 - loss 6.78214956 - samples/sec: 9.07
2020-04-06 01:54:44,719 epoch 2 - iter 296/375 - loss 6.71757918 - samples/sec: 8.93
2020-04-06 01:55:18,437 epoch 2 - iter 333/375 - loss 6.69047689 - samples/sec: 9.24
2020-04-06 01:55:50,090 epoch 2 - iter 370/375 - loss 6.69701361 - samples/sec: 9.84
2020-04-06 01:55:56,050 ----------------------------------------------------------------------------------------------------
2020-04-06 01:55:56,051 EPOCH 2 done: loss 6.6961 - lr 0.1000
2020-04-06 01:56:26,645 DEV : loss 5.561572551727295 - score 0.5256
2020-04-06 01:56:26,777 BAD EPOCHS (no improvement): 0
2020-04-06 01:56:31,164 ----------------------------------------------------------------------------------------------------
2020-04-06 01:56:54,280 epoch 3 - iter 37/375 - loss 5.40455791 - samples/sec: 12.81
2020-04-06 01:57:26,306 epoch 3 - iter 74/375 - loss 5.83804263 - samples/sec: 9.74
2020-04-06 01:57:56,859 epoch 3 - iter 111/375 - loss 5.67878486 - samples/sec: 10.23
2020-04-06 01:58:30,795 epoch 3 - iter 148/375 - loss 5.80459559 - samples/sec: 9.16
2020-04-06 01:59:01,958 epoch 3 - iter 185/375 - loss 5.93428211 - samples/sec: 10.00
2020-04-06 01:59:30,598 epoch 3 - iter 222/375 - loss 5.93173806 - samples/sec: 10.93
2020-04-06 02:00:06,759 epoch 3 - iter 259/375 - loss 5.96421556 - samples/sec: 8.55
2020-04-06 02:00:35,922 epoch 3 - iter 296/375 - loss 5.93168384 - samples/sec: 10.71
2020-04-06 02:01:06,153 epoch 3 - iter 333/375 - loss 5.91323318 - samples/sec: 10.33
2020-04-06 02:01:39,107 epoch 3 - iter 370/375 - loss 5.93558047 - samples/sec: 9.46
2020-04-06 02:01:47,150 ----------------------------------------------------------------------------------------------------
2020-04-06 02:01:47,151 EPOCH 3 done: loss 5.9735 - lr 0.1000
2020-04-06 02:02:17,139 DEV : loss 4.95834493637085 - score 0.6281
2020-04-06 02:02:17,276 BAD EPOCHS (no improvement): 0
2020-04-06 02:02:21,722 ----------------------------------------------------------------------------------------------------
2020-04-06 02:02:57,386 epoch 4 - iter 37/375 - loss 6.21609806 - samples/sec: 8.30
2020-04-06 02:03:25,383 epoch 4 - iter 74/375 - loss 5.38307217 - samples/sec: 11.42
2020-04-06 02:03:54,969 epoch 4 - iter 111/375 - loss 5.32156224 - samples/sec: 10.67
2020-04-06 02:04:25,401 epoch 4 - iter 148/375 - loss 5.40259192 - samples/sec: 10.30
2020-04-06 02:04:55,155 epoch 4 - iter 185/375 - loss 5.25897243 - samples/sec: 10.54
2020-04-06 02:05:24,694 epoch 4 - iter 222/375 - loss 5.36346684 - samples/sec: 10.61
2020-04-06 02:05:54,055 epoch 4 - iter 259/375 - loss 5.32093544 - samples/sec: 10.68
2020-04-06 02:06:27,460 epoch 4 - iter 296/375 - loss 5.38484936 - samples/sec: 9.32
2020-04-06 02:07:02,238 epoch 4 - iter 333/375 - loss 5.40152288 - samples/sec: 8.94
2020-04-06 02:07:34,906 epoch 4 - iter 370/375 - loss 5.45650276 - samples/sec: 9.53
2020-04-06 02:07:40,803 ----------------------------------------------------------------------------------------------------
2020-04-06 02:07:40,804 EPOCH 4 done: loss 5.4499 - lr 0.1000
2020-04-06 02:08:11,056 DEV : loss 5.443912506103516 - score 0.5293
2020-04-06 02:08:11,192 BAD EPOCHS (no improvement): 1
2020-04-06 02:08:11,198 ----------------------------------------------------------------------------------------------------
2020-04-06 02:08:37,157 epoch 5 - iter 37/375 - loss 4.74808514 - samples/sec: 11.40
2020-04-06 02:09:06,072 epoch 5 - iter 74/375 - loss 4.85403130 - samples/sec: 10.88
2020-04-06 02:09:37,079 epoch 5 - iter 111/375 - loss 5.02523171 - samples/sec: 10.07
2020-04-06 02:10:07,344 epoch 5 - iter 148/375 - loss 5.00380048 - samples/sec: 10.31
2020-04-06 02:10:37,762 epoch 5 - iter 185/375 - loss 4.93053207 - samples/sec: 10.25
2020-04-06 02:11:07,699 epoch 5 - iter 222/375 - loss 4.90486165 - samples/sec: 10.44
2020-04-06 02:11:31,467 epoch 5 - iter 259/375 - loss 4.76605085 - samples/sec: 13.32
2020-04-06 02:12:09,831 epoch 5 - iter 296/375 - loss 4.99115953 - samples/sec: 8.05
2020-04-06 02:12:44,105 epoch 5 - iter 333/375 - loss 5.08763119 - samples/sec: 9.08
2020-04-06 02:13:20,427 epoch 5 - iter 370/375 - loss 5.16459716 - samples/sec: 8.53
2020-04-06 02:13:26,762 ----------------------------------------------------------------------------------------------------
2020-04-06 02:13:26,764 EPOCH 5 done: loss 5.1951 - lr 0.1000
2020-04-06 02:13:56,809 DEV : loss 4.578314304351807 - score 0.6079
2020-04-06 02:13:56,978 BAD EPOCHS (no improvement): 2
2020-04-06 02:13:56,986 ----------------------------------------------------------------------------------------------------
2020-04-06 02:14:23,541 epoch 6 - iter 37/375 - loss 4.63258386 - samples/sec: 11.15
2020-04-06 02:14:47,693 epoch 6 - iter 74/375 - loss 4.05303290 - samples/sec: 13.10
2020-04-06 02:15:22,825 epoch 6 - iter 111/375 - loss 4.52207815 - samples/sec: 8.82
2020-04-06 02:15:51,400 epoch 6 - iter 148/375 - loss 4.60301573 - samples/sec: 10.97
2020-04-06 02:16:23,709 epoch 6 - iter 185/375 - loss 4.69566564 - samples/sec: 9.66
2020-04-06 02:17:01,935 epoch 6 - iter 222/375 - loss 4.82510922 - samples/sec: 8.09
2020-04-06 02:17:31,503 epoch 6 - iter 259/375 - loss 4.77748142 - samples/sec: 10.59
2020-04-06 02:18:01,629 epoch 6 - iter 296/375 - loss 4.73434496 - samples/sec: 10.39
2020-04-06 02:18:32,728 epoch 6 - iter 333/375 - loss 4.74337066 - samples/sec: 10.04
2020-04-06 02:19:04,663 epoch 6 - iter 370/375 - loss 4.79641005 - samples/sec: 9.76
2020-04-06 02:19:11,237 ----------------------------------------------------------------------------------------------------
2020-04-06 02:19:11,239 EPOCH 6 done: loss 4.8087 - lr 0.1000
2020-04-06 02:19:41,523 DEV : loss 4.191293716430664 - score 0.7222
2020-04-06 02:19:41,655 BAD EPOCHS (no improvement): 0
2020-04-06 02:19:45,995 ----------------------------------------------------------------------------------------------------
2020-04-06 02:20:12,568 epoch 7 - iter 37/375 - loss 4.24976822 - samples/sec: 11.14
2020-04-06 02:20:44,639 epoch 7 - iter 74/375 - loss 4.49304413 - samples/sec: 9.73
2020-04-06 02:21:15,803 epoch 7 - iter 111/375 - loss 4.49353572 - samples/sec: 10.01
2020-04-06 02:21:51,460 epoch 7 - iter 148/375 - loss 4.82731180 - samples/sec: 8.68
2020-04-06 02:22:28,175 epoch 7 - iter 185/375 - loss 4.94735176 - samples/sec: 8.43
2020-04-06 02:22:53,524 epoch 7 - iter 222/375 - loss 4.79828119 - samples/sec: 12.46
2020-04-06 02:23:17,685 epoch 7 - iter 259/375 - loss 4.66668039 - samples/sec: 13.12
2020-04-06 02:23:46,748 epoch 7 - iter 296/375 - loss 4.59459932 - samples/sec: 10.76
2020-04-06 02:24:20,603 epoch 7 - iter 333/375 - loss 4.62304759 - samples/sec: 9.16
2020-04-06 02:24:59,308 epoch 7 - iter 370/375 - loss 4.63683125 - samples/sec: 7.96
2020-04-06 02:25:03,873 ----------------------------------------------------------------------------------------------------
2020-04-06 02:25:03,874 EPOCH 7 done: loss 4.6178 - lr 0.1000
2020-04-06 02:25:34,095 DEV : loss 4.00594425201416 - score 0.7342
2020-04-06 02:25:34,242 BAD EPOCHS (no improvement): 0
2020-04-06 02:25:38,561 ----------------------------------------------------------------------------------------------------
2020-04-06 02:26:07,535 epoch 8 - iter 37/375 - loss 3.84521729 - samples/sec: 10.22
2020-04-06 02:26:38,839 epoch 8 - iter 74/375 - loss 4.11759717 - samples/sec: 9.99
2020-04-06 02:27:14,824 epoch 8 - iter 111/375 - loss 4.51191622 - samples/sec: 8.59
2020-04-06 02:27:48,209 epoch 8 - iter 148/375 - loss 4.57206229 - samples/sec: 9.31
2020-04-06 02:28:18,239 epoch 8 - iter 185/375 - loss 4.57068458 - samples/sec: 10.38
2020-04-06 02:28:51,217 epoch 8 - iter 222/375 - loss 4.57963567 - samples/sec: 9.41
2020-04-06 02:29:21,467 epoch 8 - iter 259/375 - loss 4.62621218 - samples/sec: 10.31
2020-04-06 02:29:59,068 epoch 8 - iter 296/375 - loss 4.65167409 - samples/sec: 8.22
2020-04-06 02:30:28,643 epoch 8 - iter 333/375 - loss 4.59308763 - samples/sec: 10.57
2020-04-06 02:30:52,038 epoch 8 - iter 370/375 - loss 4.45832445 - samples/sec: 13.60
2020-04-06 02:30:57,076 ----------------------------------------------------------------------------------------------------
2020-04-06 02:30:57,077 EPOCH 8 done: loss 4.4578 - lr 0.1000
2020-04-06 02:31:27,309 DEV : loss 4.245882987976074 - score 0.6478
2020-04-06 02:31:27,462 BAD EPOCHS (no improvement): 1
2020-04-06 02:31:27,470 ----------------------------------------------------------------------------------------------------
2020-04-06 02:31:56,514 epoch 9 - iter 37/375 - loss 4.56416481 - samples/sec: 10.19
2020-04-06 02:32:25,056 epoch 9 - iter 74/375 - loss 4.39502682 - samples/sec: 10.99
2020-04-06 02:32:49,856 epoch 9 - iter 111/375 - loss 4.17274728 - samples/sec: 12.77
2020-04-06 02:33:25,235 epoch 9 - iter 148/375 - loss 4.34063140 - samples/sec: 8.76
2020-04-06 02:33:57,296 epoch 9 - iter 185/375 - loss 4.32558733 - samples/sec: 9.69
2020-04-06 02:34:27,966 epoch 9 - iter 222/375 - loss 4.31429144 - samples/sec: 10.16
2020-04-06 02:35:03,982 epoch 9 - iter 259/375 - loss 4.37635343 - samples/sec: 8.60
2020-04-06 02:35:31,937 epoch 9 - iter 296/375 - loss 4.28490182 - samples/sec: 11.22
2020-04-06 02:36:03,296 epoch 9 - iter 333/375 - loss 4.22192133 - samples/sec: 9.93
2020-04-06 02:36:36,042 epoch 9 - iter 370/375 - loss 4.25922660 - samples/sec: 9.50
2020-04-06 02:36:42,304 ----------------------------------------------------------------------------------------------------
2020-04-06 02:36:42,305 EPOCH 9 done: loss 4.2673 - lr 0.1000
2020-04-06 02:37:12,845 DEV : loss 3.7432425022125244 - score 0.7421
2020-04-06 02:37:12,977 BAD EPOCHS (no improvement): 0
2020-04-06 02:37:17,277 ----------------------------------------------------------------------------------------------------
2020-04-06 02:37:47,626 epoch 10 - iter 37/375 - loss 4.51691822 - samples/sec: 9.75
2020-04-06 02:38:15,382 epoch 10 - iter 74/375 - loss 4.26281550 - samples/sec: 11.36
2020-04-06 02:38:46,018 epoch 10 - iter 111/375 - loss 4.06210987 - samples/sec: 10.21
2020-04-06 02:39:18,087 epoch 10 - iter 148/375 - loss 4.08050010 - samples/sec: 9.74
2020-04-06 02:39:51,513 epoch 10 - iter 185/375 - loss 4.16686247 - samples/sec: 9.28
2020-04-06 02:40:15,779 epoch 10 - iter 222/375 - loss 4.03371941 - samples/sec: 13.03
2020-04-06 02:40:55,453 epoch 10 - iter 259/375 - loss 4.14531515 - samples/sec: 7.77
2020-04-06 02:41:29,005 epoch 10 - iter 296/375 - loss 4.24720192 - samples/sec: 9.26
2020-04-06 02:41:57,599 epoch 10 - iter 333/375 - loss 4.15542967 - samples/sec: 10.97
2020-04-06 02:42:25,940 epoch 10 - iter 370/375 - loss 4.17036811 - samples/sec: 11.08
2020-04-06 02:42:33,655 ----------------------------------------------------------------------------------------------------
2020-04-06 02:42:33,657 EPOCH 10 done: loss 4.1864 - lr 0.1000
2020-04-06 02:43:03,720 DEV : loss 3.6639959812164307 - score 0.7395
2020-04-06 02:43:03,875 BAD EPOCHS (no improvement): 1
2020-04-06 02:43:03,883 ----------------------------------------------------------------------------------------------------
2020-04-06 02:43:37,412 epoch 11 - iter 37/375 - loss 4.34629400 - samples/sec: 8.83
2020-04-06 02:44:07,379 epoch 11 - iter 74/375 - loss 4.13696757 - samples/sec: 10.46
2020-04-06 02:44:37,510 epoch 11 - iter 111/375 - loss 3.96670710 - samples/sec: 10.37
2020-04-06 02:45:14,222 epoch 11 - iter 148/375 - loss 4.11650129 - samples/sec: 8.43
2020-04-06 02:45:42,488 epoch 11 - iter 185/375 - loss 4.07490834 - samples/sec: 11.11
2020-04-06 02:46:09,627 epoch 11 - iter 222/375 - loss 4.04740034 - samples/sec: 11.60
2020-04-06 02:46:43,740 epoch 11 - iter 259/375 - loss 4.06519148 - samples/sec: 9.13
2020-04-06 02:47:10,595 epoch 11 - iter 296/375 - loss 3.98713270 - samples/sec: 11.72
2020-04-06 02:47:38,496 epoch 11 - iter 333/375 - loss 3.96363937 - samples/sec: 11.27
2020-04-06 02:48:12,432 epoch 11 - iter 370/375 - loss 4.03544190 - samples/sec: 9.15
2020-04-06 02:48:18,502 ----------------------------------------------------------------------------------------------------
2020-04-06 02:48:18,503 EPOCH 11 done: loss 4.0329 - lr 0.1000
2020-04-06 02:48:48,770 DEV : loss 3.6866347789764404 - score 0.7414
2020-04-06 02:48:48,911 BAD EPOCHS (no improvement): 2
2020-04-06 02:48:48,917 ----------------------------------------------------------------------------------------------------
2020-04-06 02:49:21,502 epoch 12 - iter 37/375 - loss 3.83471859 - samples/sec: 9.08
2020-04-06 02:49:52,490 epoch 12 - iter 74/375 - loss 3.73138214 - samples/sec: 10.06
2020-04-06 02:50:27,770 epoch 12 - iter 111/375 - loss 4.09020141 - samples/sec: 8.77
2020-04-06 02:50:57,436 epoch 12 - iter 148/375 - loss 4.04310996 - samples/sec: 10.55
2020-04-06 02:51:26,049 epoch 12 - iter 185/375 - loss 4.06548698 - samples/sec: 10.96
2020-04-06 02:51:58,208 epoch 12 - iter 222/375 - loss 4.04647584 - samples/sec: 9.68
2020-04-06 02:52:27,385 epoch 12 - iter 259/375 - loss 3.95611345 - samples/sec: 10.72
2020-04-06 02:52:57,918 epoch 12 - iter 296/375 - loss 3.93973573 - samples/sec: 10.24
2020-04-06 02:53:27,700 epoch 12 - iter 333/375 - loss 3.94480144 - samples/sec: 10.50
2020-04-06 02:54:01,657 epoch 12 - iter 370/375 - loss 3.92302477 - samples/sec: 9.15
2020-04-06 02:54:07,417 ----------------------------------------------------------------------------------------------------
2020-04-06 02:54:07,418 EPOCH 12 done: loss 3.9172 - lr 0.1000
2020-04-06 02:54:37,535 DEV : loss 3.493786334991455 - score 0.7621
2020-04-06 02:54:37,688 BAD EPOCHS (no improvement): 0
2020-04-06 02:54:42,156 ----------------------------------------------------------------------------------------------------
2020-04-06 02:55:10,461 epoch 13 - iter 37/375 - loss 3.21989110 - samples/sec: 10.46
2020-04-06 02:55:39,326 epoch 13 - iter 74/375 - loss 3.36214892 - samples/sec: 10.86
2020-04-06 02:56:12,106 epoch 13 - iter 111/375 - loss 3.63096245 - samples/sec: 9.51
2020-04-06 02:56:41,009 epoch 13 - iter 148/375 - loss 3.67151522 - samples/sec: 10.87
2020-04-06 02:57:18,512 epoch 13 - iter 185/375 - loss 3.88220867 - samples/sec: 8.24
2020-04-06 02:57:48,418 epoch 13 - iter 222/375 - loss 3.90570112 - samples/sec: 10.47
2020-04-06 02:58:16,630 epoch 13 - iter 259/375 - loss 3.82123077 - samples/sec: 11.14
2020-04-06 02:58:48,664 epoch 13 - iter 296/375 - loss 3.84691277 - samples/sec: 9.70
2020-04-06 02:59:18,619 epoch 13 - iter 333/375 - loss 3.82665124 - samples/sec: 10.46
2020-04-06 02:59:55,619 epoch 13 - iter 370/375 - loss 3.91520210 - samples/sec: 8.37
2020-04-06 03:00:00,468 ----------------------------------------------------------------------------------------------------
2020-04-06 03:00:00,469 EPOCH 13 done: loss 3.9016 - lr 0.1000
2020-04-06 03:00:30,784 DEV : loss 3.5002777576446533 - score 0.7737
2020-04-06 03:00:30,919 BAD EPOCHS (no improvement): 0
2020-04-06 03:00:35,153 ----------------------------------------------------------------------------------------------------
2020-04-06 03:01:04,867 epoch 14 - iter 37/375 - loss 3.88732737 - samples/sec: 9.96
2020-04-06 03:01:33,289 epoch 14 - iter 74/375 - loss 3.59326849 - samples/sec: 11.08
2020-04-06 03:02:02,680 epoch 14 - iter 111/375 - loss 3.62853663 - samples/sec: 10.68
2020-04-06 03:02:35,585 epoch 14 - iter 148/375 - loss 3.71849234 - samples/sec: 9.50
2020-04-06 03:03:05,979 epoch 14 - iter 185/375 - loss 3.65420101 - samples/sec: 10.26
2020-04-06 03:03:41,574 epoch 14 - iter 222/375 - loss 3.72884718 - samples/sec: 8.71
2020-04-06 03:04:16,352 epoch 14 - iter 259/375 - loss 3.83144246 - samples/sec: 8.92
2020-04-06 03:04:50,427 epoch 14 - iter 296/375 - loss 3.85361980 - samples/sec: 9.10
2020-04-06 03:05:20,848 epoch 14 - iter 333/375 - loss 3.82016582 - samples/sec: 10.27
2020-04-06 03:05:48,086 epoch 14 - iter 370/375 - loss 3.78109820 - samples/sec: 11.53
2020-04-06 03:05:53,317 ----------------------------------------------------------------------------------------------------
2020-04-06 03:05:53,319 EPOCH 14 done: loss 3.7583 - lr 0.1000
2020-04-06 03:06:23,652 DEV : loss 3.3196585178375244 - score 0.7669
2020-04-06 03:06:23,787 BAD EPOCHS (no improvement): 1
2020-04-06 03:06:23,794 ----------------------------------------------------------------------------------------------------
2020-04-06 03:06:52,614 epoch 15 - iter 37/375 - loss 3.31565850 - samples/sec: 10.27
2020-04-06 03:07:20,232 epoch 15 - iter 74/375 - loss 3.24181254 - samples/sec: 11.36
2020-04-06 03:07:46,635 epoch 15 - iter 111/375 - loss 3.34987490 - samples/sec: 11.91
2020-04-06 03:08:17,610 epoch 15 - iter 148/375 - loss 3.45626126 - samples/sec: 10.06
2020-04-06 03:08:46,512 epoch 15 - iter 185/375 - loss 3.40607644 - samples/sec: 10.81
2020-04-06 03:09:20,486 epoch 15 - iter 222/375 - loss 3.49821963 - samples/sec: 9.14
2020-04-06 03:09:51,137 epoch 15 - iter 259/375 - loss 3.51005573 - samples/sec: 10.18
2020-04-06 03:10:24,593 epoch 15 - iter 296/375 - loss 3.58313768 - samples/sec: 9.28
2020-04-06 03:10:59,546 epoch 15 - iter 333/375 - loss 3.60177307 - samples/sec: 8.86
2020-04-06 03:11:32,310 epoch 15 - iter 370/375 - loss 3.63256789 - samples/sec: 9.51
2020-04-06 03:11:38,739 ----------------------------------------------------------------------------------------------------
2020-04-06 03:11:38,740 EPOCH 15 done: loss 3.6479 - lr 0.1000
2020-04-06 03:12:09,163 DEV : loss 3.3732075691223145 - score 0.7883
2020-04-06 03:12:09,312 BAD EPOCHS (no improvement): 0
2020-04-06 03:12:13,592 ----------------------------------------------------------------------------------------------------
2020-04-06 03:12:41,700 epoch 16 - iter 37/375 - loss 3.08101420 - samples/sec: 10.53
2020-04-06 03:13:17,347 epoch 16 - iter 74/375 - loss 3.40592389 - samples/sec: 8.70
2020-04-06 03:13:48,613 epoch 16 - iter 111/375 - loss 3.36967536 - samples/sec: 9.99
2020-04-06 03:14:20,775 epoch 16 - iter 148/375 - loss 3.43801248 - samples/sec: 9.71
2020-04-06 03:14:51,368 epoch 16 - iter 185/375 - loss 3.46652017 - samples/sec: 10.23
2020-04-06 03:15:22,968 epoch 16 - iter 222/375 - loss 3.45043834 - samples/sec: 9.88
2020-04-06 03:15:52,736 epoch 16 - iter 259/375 - loss 3.42476644 - samples/sec: 10.52
2020-04-06 03:16:27,252 epoch 16 - iter 296/375 - loss 3.49511387 - samples/sec: 9.00
2020-04-06 03:16:58,172 epoch 16 - iter 333/375 - loss 3.51821361 - samples/sec: 10.09
2020-04-06 03:17:29,828 epoch 16 - iter 370/375 - loss 3.55735485 - samples/sec: 9.83
2020-04-06 03:17:34,963 ----------------------------------------------------------------------------------------------------
2020-04-06 03:17:34,965 EPOCH 16 done: loss 3.5613 - lr 0.1000
2020-04-06 03:18:05,117 DEV : loss 3.307788133621216 - score 0.7776
2020-04-06 03:18:05,250 BAD EPOCHS (no improvement): 1
2020-04-06 03:18:05,256 ----------------------------------------------------------------------------------------------------
2020-04-06 03:18:36,441 epoch 17 - iter 37/375 - loss 4.20172641 - samples/sec: 9.49
2020-04-06 03:19:08,906 epoch 17 - iter 74/375 - loss 3.74405340 - samples/sec: 9.57
2020-04-06 03:19:40,857 epoch 17 - iter 111/375 - loss 3.59202056 - samples/sec: 9.74
2020-04-06 03:20:14,170 epoch 17 - iter 148/375 - loss 3.47444027 - samples/sec: 9.36
2020-04-06 03:20:46,614 epoch 17 - iter 185/375 - loss 3.41187926 - samples/sec: 9.59
2020-04-06 03:21:21,807 epoch 17 - iter 222/375 - loss 3.49597232 - samples/sec: 8.83
2020-04-06 03:21:53,187 epoch 17 - iter 259/375 - loss 3.55602981 - samples/sec: 9.94
2020-04-06 03:22:22,080 epoch 17 - iter 296/375 - loss 3.53102999 - samples/sec: 10.83
2020-04-06 03:22:52,112 epoch 17 - iter 333/375 - loss 3.54073541 - samples/sec: 10.42
2020-04-06 03:23:19,065 epoch 17 - iter 370/375 - loss 3.46566042 - samples/sec: 11.72
2020-04-06 03:23:25,691 ----------------------------------------------------------------------------------------------------
2020-04-06 03:23:25,692 EPOCH 17 done: loss 3.4661 - lr 0.1000
2020-04-06 03:23:56,443 DEV : loss 3.2671940326690674 - score 0.776
2020-04-06 03:23:56,577 BAD EPOCHS (no improvement): 2
2020-04-06 03:23:56,584 ----------------------------------------------------------------------------------------------------
2020-04-06 03:24:17,994 epoch 18 - iter 37/375 - loss 2.66696837 - samples/sec: 13.83
2020-04-06 03:24:48,115 epoch 18 - iter 74/375 - loss 2.93475117 - samples/sec: 10.39
2020-04-06 03:25:20,294 epoch 18 - iter 111/375 - loss 3.19043421 - samples/sec: 9.69
2020-04-06 03:25:52,191 epoch 18 - iter 148/375 - loss 3.25441186 - samples/sec: 9.76
2020-04-06 03:26:22,105 epoch 18 - iter 185/375 - loss 3.25384865 - samples/sec: 10.44
2020-04-06 03:26:54,939 epoch 18 - iter 222/375 - loss 3.21648345 - samples/sec: 9.45
2020-04-06 03:27:24,870 epoch 18 - iter 259/375 - loss 3.28141482 - samples/sec: 10.43
2020-04-06 03:27:53,884 epoch 18 - iter 296/375 - loss 3.28869882 - samples/sec: 10.80
2020-04-06 03:28:27,025 epoch 18 - iter 333/375 - loss 3.36170938 - samples/sec: 9.36
2020-04-06 03:29:02,796 epoch 18 - iter 370/375 - loss 3.45453199 - samples/sec: 8.65
2020-04-06 03:29:08,853 ----------------------------------------------------------------------------------------------------
2020-04-06 03:29:08,854 EPOCH 18 done: loss 3.4588 - lr 0.1000
2020-04-06 03:29:38,860 DEV : loss 3.1542720794677734 - score 0.7977
2020-04-06 03:29:38,996 BAD EPOCHS (no improvement): 0
2020-04-06 03:29:43,407 ----------------------------------------------------------------------------------------------------
2020-04-06 03:30:12,240 epoch 19 - iter 37/375 - loss 3.41003375 - samples/sec: 10.27
2020-04-06 03:30:43,715 epoch 19 - iter 74/375 - loss 3.28988714 - samples/sec: 9.90
2020-04-06 03:31:17,834 epoch 19 - iter 111/375 - loss 3.42435078 - samples/sec: 9.12
2020-04-06 03:31:47,725 epoch 19 - iter 148/375 - loss 3.39217934 - samples/sec: 10.47
2020-04-06 03:32:18,061 epoch 19 - iter 185/375 - loss 3.41133570 - samples/sec: 10.33
2020-04-06 03:32:46,166 epoch 19 - iter 222/375 - loss 3.40030659 - samples/sec: 11.17
2020-04-06 03:33:17,630 epoch 19 - iter 259/375 - loss 3.39829466 - samples/sec: 9.95
2020-04-06 03:33:50,772 epoch 19 - iter 296/375 - loss 3.36470789 - samples/sec: 9.41
2020-04-06 03:34:21,549 epoch 19 - iter 333/375 - loss 3.34019230 - samples/sec: 10.13
2020-04-06 03:34:56,617 epoch 19 - iter 370/375 - loss 3.39237988 - samples/sec: 8.84
2020-04-06 03:35:02,922 ----------------------------------------------------------------------------------------------------
2020-04-06 03:35:02,924 EPOCH 19 done: loss 3.3996 - lr 0.1000
2020-04-06 03:35:33,021 DEV : loss 3.077343463897705 - score 0.7927
2020-04-06 03:35:33,152 BAD EPOCHS (no improvement): 1
2020-04-06 03:35:33,160 ----------------------------------------------------------------------------------------------------
2020-04-06 03:35:59,546 epoch 20 - iter 37/375 - loss 2.77198399 - samples/sec: 11.22
2020-04-06 03:36:29,226 epoch 20 - iter 74/375 - loss 2.81444325 - samples/sec: 10.57
2020-04-06 03:37:07,293 epoch 20 - iter 111/375 - loss 3.32014837 - samples/sec: 8.15
2020-04-06 03:37:42,649 epoch 20 - iter 148/375 - loss 3.46330842 - samples/sec: 8.76
2020-04-06 03:38:18,358 epoch 20 - iter 185/375 - loss 3.47331393 - samples/sec: 8.69
2020-04-06 03:38:50,945 epoch 20 - iter 222/375 - loss 3.46551614 - samples/sec: 9.57
2020-04-06 03:39:23,007 epoch 20 - iter 259/375 - loss 3.48173776 - samples/sec: 9.73
2020-04-06 03:39:46,747 epoch 20 - iter 296/375 - loss 3.37949795 - samples/sec: 13.39
2020-04-06 03:40:14,431 epoch 20 - iter 333/375 - loss 3.37013932 - samples/sec: 11.38
2020-04-06 03:40:40,880 epoch 20 - iter 370/375 - loss 3.31789315 - samples/sec: 11.93
2020-04-06 03:40:48,673 ----------------------------------------------------------------------------------------------------
2020-04-06 03:40:48,674 EPOCH 20 done: loss 3.3238 - lr 0.1000
2020-04-06 03:41:18,807 DEV : loss 3.0693912506103516 - score 0.8018
2020-04-06 03:41:18,942 BAD EPOCHS (no improvement): 0
2020-04-06 03:41:23,288 ----------------------------------------------------------------------------------------------------
2020-04-06 03:41:51,256 epoch 21 - iter 37/375 - loss 3.22920181 - samples/sec: 10.58
2020-04-06 03:42:20,985 epoch 21 - iter 74/375 - loss 3.18955070 - samples/sec: 10.57
2020-04-06 03:42:47,642 epoch 21 - iter 111/375 - loss 2.87279048 - samples/sec: 11.83
2020-04-06 03:43:16,192 epoch 21 - iter 148/375 - loss 3.03934589 - samples/sec: 11.01
2020-04-06 03:43:44,045 epoch 21 - iter 185/375 - loss 2.96885371 - samples/sec: 11.26
2020-04-06 03:44:18,577 epoch 21 - iter 222/375 - loss 3.12278043 - samples/sec: 8.97
2020-04-06 03:44:46,056 epoch 21 - iter 259/375 - loss 3.07582905 - samples/sec: 11.40
2020-04-06 03:45:16,699 epoch 21 - iter 296/375 - loss 3.08845432 - samples/sec: 10.18
2020-04-06 03:45:56,878 epoch 21 - iter 333/375 - loss 3.16652158 - samples/sec: 7.66
2020-04-06 03:46:33,159 epoch 21 - iter 370/375 - loss 3.28597253 - samples/sec: 8.54
2020-04-06 03:46:37,691 ----------------------------------------------------------------------------------------------------
2020-04-06 03:46:37,693 EPOCH 21 done: loss 3.2702 - lr 0.1000
2020-04-06 03:47:07,916 DEV : loss 3.069669485092163 - score 0.8059
2020-04-06 03:47:08,052 BAD EPOCHS (no improvement): 0
2020-04-06 03:47:12,531 ----------------------------------------------------------------------------------------------------
2020-04-06 03:47:45,207 epoch 22 - iter 37/375 - loss 3.66612166 - samples/sec: 9.06
2020-04-06 03:48:15,974 epoch 22 - iter 74/375 - loss 3.27135925 - samples/sec: 10.16
2020-04-06 03:48:46,566 epoch 22 - iter 111/375 - loss 3.24612366 - samples/sec: 10.22
2020-04-06 03:49:18,438 epoch 22 - iter 148/375 - loss 3.16122387 - samples/sec: 9.78
2020-04-06 03:49:48,817 epoch 22 - iter 185/375 - loss 3.21417128 - samples/sec: 10.28
2020-04-06 03:50:22,147 epoch 22 - iter 222/375 - loss 3.28236832 - samples/sec: 9.31
2020-04-06 03:50:54,470 epoch 22 - iter 259/375 - loss 3.27768503 - samples/sec: 9.62
2020-04-06 03:51:26,320 epoch 22 - iter 296/375 - loss 3.26442582 - samples/sec: 9.79
2020-04-06 03:51:54,399 epoch 22 - iter 333/375 - loss 3.23253036 - samples/sec: 11.16
2020-04-06 03:52:26,795 epoch 22 - iter 370/375 - loss 3.23923187 - samples/sec: 9.62
2020-04-06 03:52:32,454 ----------------------------------------------------------------------------------------------------
2020-04-06 03:52:32,455 EPOCH 22 done: loss 3.2312 - lr 0.1000
2020-04-06 03:53:03,241 DEV : loss 3.0729458332061768 - score 0.8028
2020-04-06 03:53:03,396 BAD EPOCHS (no improvement): 1
2020-04-06 03:53:03,406 ----------------------------------------------------------------------------------------------------
2020-04-06 03:53:34,056 epoch 23 - iter 37/375 - loss 3.59982141 - samples/sec: 9.66
2020-04-06 03:54:01,386 epoch 23 - iter 74/375 - loss 3.10050995 - samples/sec: 11.53
2020-04-06 03:54:37,440 epoch 23 - iter 111/375 - loss 3.31692863 - samples/sec: 8.59
2020-04-06 03:55:13,165 epoch 23 - iter 148/375 - loss 3.34184812 - samples/sec: 8.66
2020-04-06 03:55:45,904 epoch 23 - iter 185/375 - loss 3.24678860 - samples/sec: 9.51
2020-04-06 03:56:14,308 epoch 23 - iter 222/375 - loss 3.18553939 - samples/sec: 11.03
2020-04-06 03:56:43,071 epoch 23 - iter 259/375 - loss 3.17713395 - samples/sec: 10.96
2020-04-06 03:57:13,495 epoch 23 - iter 296/375 - loss 3.15461845 - samples/sec: 10.28
2020-04-06 03:57:44,457 epoch 23 - iter 333/375 - loss 3.14127826 - samples/sec: 10.09
2020-04-06 03:58:17,960 epoch 23 - iter 370/375 - loss 3.22221234 - samples/sec: 9.29
2020-04-06 03:58:23,642 ----------------------------------------------------------------------------------------------------
2020-04-06 03:58:23,643 EPOCH 23 done: loss 3.2147 - lr 0.1000
2020-04-06 03:58:54,102 DEV : loss 3.0372421741485596 - score 0.8077
2020-04-06 03:58:54,239 BAD EPOCHS (no improvement): 0
2020-04-06 03:58:58,532 ----------------------------------------------------------------------------------------------------
2020-04-06 03:59:23,147 epoch 24 - iter 37/375 - loss 2.64177101 - samples/sec: 12.03
2020-04-06 03:59:57,008 epoch 24 - iter 74/375 - loss 2.95371538 - samples/sec: 9.18
2020-04-06 04:00:31,766 epoch 24 - iter 111/375 - loss 3.12146270 - samples/sec: 8.94
2020-04-06 04:01:06,440 epoch 24 - iter 148/375 - loss 3.20471594 - samples/sec: 8.97
2020-04-06 04:01:36,125 epoch 24 - iter 185/375 - loss 3.16665692 - samples/sec: 10.54
2020-04-06 04:02:03,620 epoch 24 - iter 222/375 - loss 3.14238153 - samples/sec: 11.40
2020-04-06 04:02:37,352 epoch 24 - iter 259/375 - loss 3.21514508 - samples/sec: 9.21
2020-04-06 04:03:05,537 epoch 24 - iter 296/375 - loss 3.16929155 - samples/sec: 11.11
2020-04-06 04:03:35,961 epoch 24 - iter 333/375 - loss 3.15594636 - samples/sec: 10.25
2020-04-06 04:04:13,162 epoch 24 - iter 370/375 - loss 3.17702351 - samples/sec: 8.31
2020-04-06 04:04:19,485 ----------------------------------------------------------------------------------------------------
2020-04-06 04:04:19,487 EPOCH 24 done: loss 3.1766 - lr 0.1000
2020-04-06 04:04:49,905 DEV : loss 3.059609889984131 - score 0.7962
2020-04-06 04:04:50,040 BAD EPOCHS (no improvement): 1
2020-04-06 04:04:50,048 ----------------------------------------------------------------------------------------------------
2020-04-06 04:05:15,784 epoch 25 - iter 37/375 - loss 2.53612810 - samples/sec: 11.50
2020-04-06 04:05:49,954 epoch 25 - iter 74/375 - loss 2.81892365 - samples/sec: 9.11
2020-04-06 04:06:19,287 epoch 25 - iter 111/375 - loss 2.80935032 - samples/sec: 10.69
2020-04-06 04:06:52,496 epoch 25 - iter 148/375 - loss 3.00684956 - samples/sec: 9.38
2020-04-06 04:07:17,947 epoch 25 - iter 185/375 - loss 2.93734292 - samples/sec: 12.42
2020-04-06 04:07:50,473 epoch 25 - iter 222/375 - loss 3.02762605 - samples/sec: 9.57
2020-04-06 04:08:24,362 epoch 25 - iter 259/375 - loss 3.08029673 - samples/sec: 9.16
2020-04-06 04:08:57,962 epoch 25 - iter 296/375 - loss 3.20240979 - samples/sec: 9.25
2020-04-06 04:09:27,962 epoch 25 - iter 333/375 - loss 3.17781360 - samples/sec: 10.43
2020-04-06 04:09:55,162 epoch 25 - iter 370/375 - loss 3.12818185 - samples/sec: 11.56
2020-04-06 04:10:02,941 ----------------------------------------------------------------------------------------------------
2020-04-06 04:10:02,942 EPOCH 25 done: loss 3.1298 - lr 0.1000
2020-04-06 04:10:32,907 DEV : loss 3.0226967334747314 - score 0.8082
2020-04-06 04:10:33,044 BAD EPOCHS (no improvement): 0
2020-04-06 04:10:37,471 ----------------------------------------------------------------------------------------------------
2020-04-06 04:11:05,862 epoch 26 - iter 37/375 - loss 2.75576956 - samples/sec: 10.43
2020-04-06 04:11:43,936 epoch 26 - iter 74/375 - loss 3.18981699 - samples/sec: 8.13
2020-04-06 04:12:12,534 epoch 26 - iter 111/375 - loss 3.15479210 - samples/sec: 10.99
2020-04-06 04:12:45,730 epoch 26 - iter 148/375 - loss 3.04670064 - samples/sec: 9.40
2020-04-06 04:13:12,478 epoch 26 - iter 185/375 - loss 2.99587836 - samples/sec: 11.78
2020-04-06 04:13:43,802 epoch 26 - iter 222/375 - loss 3.03341319 - samples/sec: 9.99
2020-04-06 04:14:14,490 epoch 26 - iter 259/375 - loss 3.02539846 - samples/sec: 10.18
2020-04-06 04:14:44,633 epoch 26 - iter 296/375 - loss 3.05186487 - samples/sec: 10.35
2020-04-06 04:15:22,037 epoch 26 - iter 333/375 - loss 3.07514786 - samples/sec: 8.26
2020-04-06 04:15:51,680 epoch 26 - iter 370/375 - loss 3.04734261 - samples/sec: 10.57
2020-04-06 04:15:57,824 ----------------------------------------------------------------------------------------------------
2020-04-06 04:15:57,825 EPOCH 26 done: loss 3.0474 - lr 0.1000
2020-04-06 04:16:27,676 DEV : loss 3.0550436973571777 - score 0.7844
2020-04-06 04:16:27,810 BAD EPOCHS (no improvement): 1
2020-04-06 04:16:27,817 ----------------------------------------------------------------------------------------------------
2020-04-06 04:16:58,201 epoch 27 - iter 37/375 - loss 3.19894380 - samples/sec: 9.74
2020-04-06 04:17:28,690 epoch 27 - iter 74/375 - loss 3.04992998 - samples/sec: 10.25
2020-04-06 04:17:59,562 epoch 27 - iter 111/375 - loss 3.08593208 - samples/sec: 10.14
2020-04-06 04:18:29,712 epoch 27 - iter 148/375 - loss 3.20958244 - samples/sec: 10.37
2020-04-06 04:19:01,829 epoch 27 - iter 185/375 - loss 3.06708741 - samples/sec: 9.71
2020-04-06 04:19:38,704 epoch 27 - iter 222/375 - loss 3.14165884 - samples/sec: 8.40
2020-04-06 04:20:10,763 epoch 27 - iter 259/375 - loss 3.13055293 - samples/sec: 9.74
2020-04-06 04:20:42,116 epoch 27 - iter 296/375 - loss 3.10493168 - samples/sec: 9.96
2020-04-06 04:21:16,072 epoch 27 - iter 333/375 - loss 3.13207407 - samples/sec: 9.16
2020-04-06 04:21:44,206 epoch 27 - iter 370/375 - loss 3.07206412 - samples/sec: 11.17
2020-04-06 04:21:51,279 ----------------------------------------------------------------------------------------------------
2020-04-06 04:21:51,280 EPOCH 27 done: loss 3.0760 - lr 0.1000
2020-04-06 04:22:21,363 DEV : loss 3.0902233123779297 - score 0.7972
2020-04-06 04:22:21,501 BAD EPOCHS (no improvement): 2
2020-04-06 04:22:21,509 ----------------------------------------------------------------------------------------------------
2020-04-06 04:22:49,381 epoch 28 - iter 37/375 - loss 2.93296701 - samples/sec: 10.62
2020-04-06 04:23:21,398 epoch 28 - iter 74/375 - loss 3.19410218 - samples/sec: 9.71
2020-04-06 04:23:50,879 epoch 28 - iter 111/375 - loss 2.96386208 - samples/sec: 10.63
2020-04-06 04:24:23,049 epoch 28 - iter 148/375 - loss 3.01624733 - samples/sec: 9.81
2020-04-06 04:24:54,338 epoch 28 - iter 185/375 - loss 3.01237243 - samples/sec: 9.97
2020-04-06 04:25:28,421 epoch 28 - iter 222/375 - loss 3.01827392 - samples/sec: 9.12
2020-04-06 04:25:57,897 epoch 28 - iter 259/375 - loss 2.96303350 - samples/sec: 10.62
2020-04-06 04:26:32,039 epoch 28 - iter 296/375 - loss 2.97631906 - samples/sec: 9.11
2020-04-06 04:27:04,195 epoch 28 - iter 333/375 - loss 2.95294504 - samples/sec: 9.66
2020-04-06 04:27:35,513 epoch 28 - iter 370/375 - loss 2.95387141 - samples/sec: 9.96
2020-04-06 04:27:42,539 ----------------------------------------------------------------------------------------------------
2020-04-06 04:27:42,540 EPOCH 28 done: loss 2.9580 - lr 0.1000
2020-04-06 04:28:12,896 DEV : loss 2.913717746734619 - score 0.8081
2020-04-06 04:28:13,063 BAD EPOCHS (no improvement): 3
2020-04-06 04:28:13,071 ----------------------------------------------------------------------------------------------------
2020-04-06 04:28:44,282 epoch 29 - iter 37/375 - loss 3.02320586 - samples/sec: 9.48
2020-04-06 04:29:11,864 epoch 29 - iter 74/375 - loss 2.95421382 - samples/sec: 11.39
2020-04-06 04:29:47,360 epoch 29 - iter 111/375 - loss 3.14148374 - samples/sec: 8.74
2020-04-06 04:30:14,249 epoch 29 - iter 148/375 - loss 3.01090775 - samples/sec: 11.72
2020-04-06 04:30:41,061 epoch 29 - iter 185/375 - loss 2.85843067 - samples/sec: 11.77
2020-04-06 04:31:16,526 epoch 29 - iter 222/375 - loss 2.99473029 - samples/sec: 8.75
2020-04-06 04:31:46,351 epoch 29 - iter 259/375 - loss 2.97163284 - samples/sec: 10.46
2020-04-06 04:32:21,670 epoch 29 - iter 296/375 - loss 2.95598591 - samples/sec: 8.77
2020-04-06 04:32:49,024 epoch 29 - iter 333/375 - loss 2.96984395 - samples/sec: 11.51
2020-04-06 04:33:20,236 epoch 29 - iter 370/375 - loss 2.94790032 - samples/sec: 10.02
2020-04-06 04:33:27,972 ----------------------------------------------------------------------------------------------------
2020-04-06 04:33:27,974 EPOCH 29 done: loss 2.9613 - lr 0.1000
2020-04-06 04:33:58,381 DEV : loss 2.8338234424591064 - score 0.8098
2020-04-06 04:33:58,519 BAD EPOCHS (no improvement): 0
2020-04-06 04:34:03,160 ----------------------------------------------------------------------------------------------------
2020-04-06 04:34:37,667 epoch 30 - iter 37/375 - loss 3.34828694 - samples/sec: 8.58
2020-04-06 04:35:09,566 epoch 30 - iter 74/375 - loss 3.17295042 - samples/sec: 9.77
2020-04-06 04:35:43,810 epoch 30 - iter 111/375 - loss 3.08857357 - samples/sec: 9.08
2020-04-06 04:36:15,886 epoch 30 - iter 148/375 - loss 3.12364476 - samples/sec: 9.73
2020-04-06 04:36:48,905 epoch 30 - iter 185/375 - loss 3.07388089 - samples/sec: 9.44
2020-04-06 04:37:25,537 epoch 30 - iter 222/375 - loss 3.06752630 - samples/sec: 8.59
2020-04-06 04:37:55,993 epoch 30 - iter 259/375 - loss 3.06205370 - samples/sec: 10.28
2020-04-06 04:38:30,378 epoch 30 - iter 296/375 - loss 3.04529190 - samples/sec: 9.09
2020-04-06 04:38:57,471 epoch 30 - iter 333/375 - loss 3.01386528 - samples/sec: 11.63
2020-04-06 04:39:23,188 epoch 30 - iter 370/375 - loss 2.95348957 - samples/sec: 12.27
2020-04-06 04:39:27,560 ----------------------------------------------------------------------------------------------------
2020-04-06 04:39:27,562 EPOCH 30 done: loss 2.9347 - lr 0.1000
2020-04-06 04:39:57,980 DEV : loss 2.8851327896118164 - score 0.8041
2020-04-06 04:39:58,118 BAD EPOCHS (no improvement): 1
2020-04-06 04:39:58,126 ----------------------------------------------------------------------------------------------------
2020-04-06 04:40:27,779 epoch 31 - iter 37/375 - loss 3.02128287 - samples/sec: 9.98
2020-04-06 04:41:01,349 epoch 31 - iter 74/375 - loss 3.07780563 - samples/sec: 9.27
2020-04-06 04:41:28,784 epoch 31 - iter 111/375 - loss 2.89694250 - samples/sec: 11.43
2020-04-06 04:41:56,614 epoch 31 - iter 148/375 - loss 2.72816201 - samples/sec: 11.30
2020-04-06 04:42:29,785 epoch 31 - iter 185/375 - loss 2.91473857 - samples/sec: 9.38
2020-04-06 04:43:02,900 epoch 31 - iter 222/375 - loss 2.94550678 - samples/sec: 9.40
2020-04-06 04:43:35,448 epoch 31 - iter 259/375 - loss 2.87267545 - samples/sec: 9.58
2020-04-06 04:44:11,549 epoch 31 - iter 296/375 - loss 2.93109956 - samples/sec: 8.57
2020-04-06 04:44:39,486 epoch 31 - iter 333/375 - loss 2.87048103 - samples/sec: 11.21
2020-04-06 04:45:08,892 epoch 31 - iter 370/375 - loss 2.85506613 - samples/sec: 10.63
2020-04-06 04:45:16,054 ----------------------------------------------------------------------------------------------------
2020-04-06 04:45:16,056 EPOCH 31 done: loss 2.8525 - lr 0.1000
2020-04-06 04:45:46,394 DEV : loss 2.9117560386657715 - score 0.8142
2020-04-06 04:45:46,534 BAD EPOCHS (no improvement): 0
2020-04-06 04:45:50,887 ----------------------------------------------------------------------------------------------------
2020-04-06 04:46:17,872 epoch 32 - iter 37/375 - loss 2.52866426 - samples/sec: 10.97
2020-04-06 04:46:52,549 epoch 32 - iter 74/375 - loss 2.88569415 - samples/sec: 8.96
2020-04-06 04:47:26,055 epoch 32 - iter 111/375 - loss 2.91238536 - samples/sec: 9.28
2020-04-06 04:47:55,337 epoch 32 - iter 148/375 - loss 2.80018565 - samples/sec: 10.69
2020-04-06 04:48:25,984 epoch 32 - iter 185/375 - loss 2.88919059 - samples/sec: 10.17
2020-04-06 04:49:01,330 epoch 32 - iter 222/375 - loss 2.89704681 - samples/sec: 8.77
2020-04-06 04:49:30,447 epoch 32 - iter 259/375 - loss 2.86879654 - samples/sec: 10.75
2020-04-06 04:50:01,864 epoch 32 - iter 296/375 - loss 2.82635676 - samples/sec: 9.90
2020-04-06 04:50:32,415 epoch 32 - iter 333/375 - loss 2.81902123 - samples/sec: 10.24
2020-04-06 04:51:07,559 epoch 32 - iter 370/375 - loss 2.85464486 - samples/sec: 8.84
2020-04-06 04:51:15,459 ----------------------------------------------------------------------------------------------------
2020-04-06 04:51:15,461 EPOCH 32 done: loss 2.8617 - lr 0.1000
2020-04-06 04:51:51,101 DEV : loss 2.8248226642608643 - score 0.8077
2020-04-06 04:51:51,261 BAD EPOCHS (no improvement): 1
2020-04-06 04:51:51,269 ----------------------------------------------------------------------------------------------------
2020-04-06 04:52:24,051 epoch 33 - iter 37/375 - loss 2.75437227 - samples/sec: 9.03
2020-04-06 04:53:01,924 epoch 33 - iter 74/375 - loss 2.95880294 - samples/sec: 8.18
2020-04-06 04:53:34,009 epoch 33 - iter 111/375 - loss 3.06454637 - samples/sec: 9.72
2020-04-06 04:54:07,217 epoch 33 - iter 148/375 - loss 3.07233546 - samples/sec: 9.37
2020-04-06 04:54:41,745 epoch 33 - iter 185/375 - loss 3.07718301 - samples/sec: 8.99
2020-04-06 04:55:15,936 epoch 33 - iter 222/375 - loss 3.03967587 - samples/sec: 9.12
2020-04-06 04:55:48,240 epoch 33 - iter 259/375 - loss 3.03664857 - samples/sec: 9.65
2020-04-06 04:56:17,980 epoch 33 - iter 296/375 - loss 3.00201614 - samples/sec: 10.53
2020-04-06 04:56:41,622 epoch 33 - iter 333/375 - loss 2.92259241 - samples/sec: 13.48
2020-04-06 04:57:11,337 epoch 33 - iter 370/375 - loss 2.90757248 - samples/sec: 10.53
2020-04-06 04:57:16,317 ----------------------------------------------------------------------------------------------------
2020-04-06 04:57:16,318 EPOCH 33 done: loss 2.8904 - lr 0.1000
2020-04-06 04:57:47,476 DEV : loss 2.774294853210449 - score 0.8184
2020-04-06 04:57:47,644 BAD EPOCHS (no improvement): 0
2020-04-06 04:57:51,937 ----------------------------------------------------------------------------------------------------
2020-04-06 04:58:18,583 epoch 34 - iter 37/375 - loss 2.39587473 - samples/sec: 11.11
2020-04-06 04:58:45,895 epoch 34 - iter 74/375 - loss 2.29688317 - samples/sec: 11.53
2020-04-06 04:59:14,969 epoch 34 - iter 111/375 - loss 2.31041903 - samples/sec: 10.79
2020-04-06 04:59:44,399 epoch 34 - iter 148/375 - loss 2.36626742 - samples/sec: 10.63
2020-04-06 05:00:22,282 epoch 34 - iter 185/375 - loss 2.61355022 - samples/sec: 8.14
2020-04-06 05:00:50,425 epoch 34 - iter 222/375 - loss 2.65011341 - samples/sec: 11.15
2020-04-06 05:01:23,298 epoch 34 - iter 259/375 - loss 2.68704278 - samples/sec: 9.45
2020-04-06 05:01:56,196 epoch 34 - iter 296/375 - loss 2.74097909 - samples/sec: 9.48
2020-04-06 05:02:31,246 epoch 34 - iter 333/375 - loss 2.77227524 - samples/sec: 8.84
2020-04-06 05:03:10,311 epoch 34 - iter 370/375 - loss 2.84640162 - samples/sec: 7.89
2020-04-06 05:03:15,849 ----------------------------------------------------------------------------------------------------
2020-04-06 05:03:15,850 EPOCH 34 done: loss 2.8508 - lr 0.1000
2020-04-06 05:03:46,702 DEV : loss 2.722803831100464 - score 0.8176
2020-04-06 05:03:46,838 BAD EPOCHS (no improvement): 1
2020-04-06 05:03:46,843 ----------------------------------------------------------------------------------------------------
2020-04-06 05:04:21,280 epoch 35 - iter 37/375 - loss 3.04536679 - samples/sec: 8.60
2020-04-06 05:04:49,660 epoch 35 - iter 74/375 - loss 2.77829966 - samples/sec: 11.05
2020-04-06 05:05:20,584 epoch 35 - iter 111/375 - loss 2.84298231 - samples/sec: 10.11
2020-04-06 05:05:52,932 epoch 35 - iter 148/375 - loss 2.76804110 - samples/sec: 9.61
2020-04-06 05:06:22,841 epoch 35 - iter 185/375 - loss 2.76220314 - samples/sec: 10.42
2020-04-06 05:06:54,236 epoch 35 - iter 222/375 - loss 2.74887017 - samples/sec: 9.91
2020-04-06 05:07:28,521 epoch 35 - iter 259/375 - loss 2.77651173 - samples/sec: 9.03
2020-04-06 05:07:59,744 epoch 35 - iter 296/375 - loss 2.74924822 - samples/sec: 10.05
2020-04-06 05:08:26,248 epoch 35 - iter 333/375 - loss 2.70114925 - samples/sec: 11.88
2020-04-06 05:09:03,656 epoch 35 - iter 370/375 - loss 2.75142437 - samples/sec: 8.27
2020-04-06 05:09:10,773 ----------------------------------------------------------------------------------------------------
2020-04-06 05:09:10,774 EPOCH 35 done: loss 2.7723 - lr 0.1000
2020-04-06 05:09:41,393 DEV : loss 2.783851146697998 - score 0.8279
2020-04-06 05:09:41,541 BAD EPOCHS (no improvement): 0
2020-04-06 05:09:45,943 ----------------------------------------------------------------------------------------------------
2020-04-06 05:10:22,392 epoch 36 - iter 37/375 - loss 3.40880172 - samples/sec: 8.12
2020-04-06 05:10:54,177 epoch 36 - iter 74/375 - loss 2.94146122 - samples/sec: 9.82
2020-04-06 05:11:21,113 epoch 36 - iter 111/375 - loss 2.74158521 - samples/sec: 11.74
2020-04-06 05:11:53,102 epoch 36 - iter 148/375 - loss 2.66882772 - samples/sec: 9.74
2020-04-06 05:12:27,628 epoch 36 - iter 185/375 - loss 2.82430482 - samples/sec: 8.99
2020-04-06 05:12:59,978 epoch 36 - iter 222/375 - loss 2.80305842 - samples/sec: 9.59
2020-04-06 05:13:31,324 epoch 36 - iter 259/375 - loss 2.75439684 - samples/sec: 9.93
2020-04-06 05:14:02,552 epoch 36 - iter 296/375 - loss 2.74843447 - samples/sec: 9.96
2020-04-06 05:14:35,373 epoch 36 - iter 333/375 - loss 2.75334613 - samples/sec: 9.47
2020-04-06 05:15:07,491 epoch 36 - iter 370/375 - loss 2.76638077 - samples/sec: 9.70
2020-04-06 05:15:15,052 ----------------------------------------------------------------------------------------------------
2020-04-06 05:15:15,055 EPOCH 36 done: loss 2.7742 - lr 0.1000
2020-04-06 05:15:45,543 DEV : loss 2.8088748455047607 - score 0.8136
2020-04-06 05:15:45,689 BAD EPOCHS (no improvement): 1
2020-04-06 05:15:45,696 ----------------------------------------------------------------------------------------------------
2020-04-06 05:16:15,541 epoch 37 - iter 37/375 - loss 3.05397956 - samples/sec: 9.92
2020-04-06 05:16:42,191 epoch 37 - iter 74/375 - loss 2.77083729 - samples/sec: 11.83
2020-04-06 05:17:18,535 epoch 37 - iter 111/375 - loss 2.90090701 - samples/sec: 8.50
2020-04-06 05:17:51,013 epoch 37 - iter 148/375 - loss 2.88388344 - samples/sec: 9.59
2020-04-06 05:18:18,080 epoch 37 - iter 185/375 - loss 2.82210751 - samples/sec: 11.58
2020-04-06 05:18:49,066 epoch 37 - iter 222/375 - loss 2.82168576 - samples/sec: 10.06
2020-04-06 05:19:23,796 epoch 37 - iter 259/375 - loss 2.79746434 - samples/sec: 8.95
2020-04-06 05:19:54,916 epoch 37 - iter 296/375 - loss 2.77665803 - samples/sec: 10.00
2020-04-06 05:20:30,348 epoch 37 - iter 333/375 - loss 2.82492706 - samples/sec: 8.75
2020-04-06 05:21:00,233 epoch 37 - iter 370/375 - loss 2.80340350 - samples/sec: 10.48
2020-04-06 05:21:05,755 ----------------------------------------------------------------------------------------------------
2020-04-06 05:21:05,757 EPOCH 37 done: loss 2.8066 - lr 0.1000
2020-04-06 05:21:36,365 DEV : loss 2.7483174800872803 - score 0.817
2020-04-06 05:21:36,500 BAD EPOCHS (no improvement): 2
2020-04-06 05:21:36,510 ----------------------------------------------------------------------------------------------------
2020-04-06 05:22:03,866 epoch 38 - iter 37/375 - loss 2.36943958 - samples/sec: 10.82
2020-04-06 05:22:35,519 epoch 38 - iter 74/375 - loss 2.55687601 - samples/sec: 9.84
2020-04-06 05:23:02,295 epoch 38 - iter 111/375 - loss 2.63966271 - samples/sec: 11.72
2020-04-06 05:23:32,806 epoch 38 - iter 148/375 - loss 2.61261567 - samples/sec: 10.23
2020-04-06 05:24:04,117 epoch 38 - iter 185/375 - loss 2.60510540 - samples/sec: 9.93
2020-04-06 05:24:36,548 epoch 38 - iter 222/375 - loss 2.69661684 - samples/sec: 9.57
2020-04-06 05:25:04,010 epoch 38 - iter 259/375 - loss 2.61371098 - samples/sec: 11.42
2020-04-06 05:25:46,384 epoch 38 - iter 296/375 - loss 2.73695847 - samples/sec: 7.26
2020-04-06 05:26:18,193 epoch 38 - iter 333/375 - loss 2.72183947 - samples/sec: 9.81
2020-04-06 05:26:52,935 epoch 38 - iter 370/375 - loss 2.69499460 - samples/sec: 8.94
2020-04-06 05:26:57,527 ----------------------------------------------------------------------------------------------------
2020-04-06 05:26:57,529 EPOCH 38 done: loss 2.6892 - lr 0.1000
2020-04-06 05:27:28,747 DEV : loss 2.919395923614502 - score 0.8104
2020-04-06 05:27:28,892 BAD EPOCHS (no improvement): 3
2020-04-06 05:27:28,900 ----------------------------------------------------------------------------------------------------
2020-04-06 05:27:55,354 epoch 39 - iter 37/375 - loss 2.20191188 - samples/sec: 11.19
2020-04-06 05:28:29,737 epoch 39 - iter 74/375 - loss 2.39199084 - samples/sec: 9.04
2020-04-06 05:29:01,584 epoch 39 - iter 111/375 - loss 2.50608534 - samples/sec: 9.78
2020-04-06 05:29:35,323 epoch 39 - iter 148/375 - loss 2.58637195 - samples/sec: 9.22
2020-04-06 05:30:03,337 epoch 39 - iter 185/375 - loss 2.57754353 - samples/sec: 11.17
2020-04-06 05:30:36,919 epoch 39 - iter 222/375 - loss 2.57563562 - samples/sec: 9.26
2020-04-06 05:31:09,980 epoch 39 - iter 259/375 - loss 2.55017605 - samples/sec: 9.42
2020-04-06 05:31:45,552 epoch 39 - iter 296/375 - loss 2.59244887 - samples/sec: 8.71
2020-04-06 05:32:18,856 epoch 39 - iter 333/375 - loss 2.62224127 - samples/sec: 9.33
2020-04-06 05:32:47,813 epoch 39 - iter 370/375 - loss 2.63873363 - samples/sec: 10.82
2020-04-06 05:32:54,279 ----------------------------------------------------------------------------------------------------
2020-04-06 05:32:54,281 EPOCH 39 done: loss 2.6379 - lr 0.1000
2020-04-06 05:33:24,857 DEV : loss 2.692929744720459 - score 0.8128
2020-04-06 05:33:24,992 BAD EPOCHS (no improvement): 4
2020-04-06 05:33:24,999 ----------------------------------------------------------------------------------------------------
2020-04-06 05:33:52,596 epoch 40 - iter 37/375 - loss 2.34766829 - samples/sec: 10.73
2020-04-06 05:34:22,577 epoch 40 - iter 74/375 - loss 2.33475308 - samples/sec: 10.44
2020-04-06 05:34:55,833 epoch 40 - iter 111/375 - loss 2.46714991 - samples/sec: 9.36
2020-04-06 05:35:32,138 epoch 40 - iter 148/375 - loss 2.53503784 - samples/sec: 8.53
2020-04-06 05:36:03,109 epoch 40 - iter 185/375 - loss 2.50682016 - samples/sec: 10.08
2020-04-06 05:36:35,114 epoch 40 - iter 222/375 - loss 2.47762808 - samples/sec: 9.73
2020-04-06 05:37:10,431 epoch 40 - iter 259/375 - loss 2.50871599 - samples/sec: 8.76
2020-04-06 05:37:43,301 epoch 40 - iter 296/375 - loss 2.49844448 - samples/sec: 9.48
2020-04-06 05:38:14,298 epoch 40 - iter 333/375 - loss 2.52034122 - samples/sec: 10.08
2020-04-06 05:38:40,791 epoch 40 - iter 370/375 - loss 2.48959422 - samples/sec: 11.90
2020-04-06 05:38:47,433 ----------------------------------------------------------------------------------------------------
2020-04-06 05:38:47,434 EPOCH 40 done: loss 2.4809 - lr 0.0500
2020-04-06 05:39:18,288 DEV : loss 2.6619744300842285 - score 0.8278
2020-04-06 05:39:18,440 BAD EPOCHS (no improvement): 1
2020-04-06 05:39:18,447 ----------------------------------------------------------------------------------------------------
2020-04-06 05:39:47,406 epoch 41 - iter 37/375 - loss 2.49536903 - samples/sec: 10.22
2020-04-06 05:40:16,520 epoch 41 - iter 74/375 - loss 2.43121267 - samples/sec: 10.75
2020-04-06 05:40:56,115 epoch 41 - iter 111/375 - loss 2.64687744 - samples/sec: 7.79
2020-04-06 05:41:26,517 epoch 41 - iter 148/375 - loss 2.57666126 - samples/sec: 10.31
2020-04-06 05:42:01,560 epoch 41 - iter 185/375 - loss 2.55132134 - samples/sec: 8.86
2020-04-06 05:42:29,758 epoch 41 - iter 222/375 - loss 2.48188968 - samples/sec: 11.14
2020-04-06 05:43:08,598 epoch 41 - iter 259/375 - loss 2.55339045 - samples/sec: 7.96
2020-04-06 05:43:35,320 epoch 41 - iter 296/375 - loss 2.49184195 - samples/sec: 11.81
2020-04-06 05:44:05,741 epoch 41 - iter 333/375 - loss 2.46127156 - samples/sec: 10.26
2020-04-06 05:44:36,605 epoch 41 - iter 370/375 - loss 2.44544926 - samples/sec: 10.09
2020-04-06 05:44:40,866 ----------------------------------------------------------------------------------------------------
2020-04-06 05:44:40,868 EPOCH 41 done: loss 2.4346 - lr 0.0500
2020-04-06 05:45:11,727 DEV : loss 2.6064295768737793 - score 0.83
2020-04-06 05:45:11,861 BAD EPOCHS (no improvement): 0
2020-04-06 05:45:16,188 ----------------------------------------------------------------------------------------------------
2020-04-06 05:45:47,333 epoch 42 - iter 37/375 - loss 2.59169404 - samples/sec: 9.50
2020-04-06 05:46:20,550 epoch 42 - iter 74/375 - loss 2.55446969 - samples/sec: 9.37
2020-04-06 05:46:53,948 epoch 42 - iter 111/375 - loss 2.45085204 - samples/sec: 9.31
2020-04-06 05:47:25,294 epoch 42 - iter 148/375 - loss 2.38792829 - samples/sec: 9.96
2020-04-06 05:47:56,633 epoch 42 - iter 185/375 - loss 2.33692465 - samples/sec: 9.96
2020-04-06 05:48:29,077 epoch 42 - iter 222/375 - loss 2.38261771 - samples/sec: 9.61
2020-04-06 05:48:57,326 epoch 42 - iter 259/375 - loss 2.35716714 - samples/sec: 11.09
2020-04-06 05:49:30,465 epoch 42 - iter 296/375 - loss 2.33546330 - samples/sec: 9.39
2020-04-06 05:50:01,575 epoch 42 - iter 333/375 - loss 2.32124362 - samples/sec: 10.01
2020-04-06 05:50:34,598 epoch 42 - iter 370/375 - loss 2.35237150 - samples/sec: 9.41
2020-04-06 05:50:41,171 ----------------------------------------------------------------------------------------------------
2020-04-06 05:50:41,171 EPOCH 42 done: loss 2.3671 - lr 0.0500
2020-04-06 05:51:11,554 DEV : loss 2.5946638584136963 - score 0.8309
2020-04-06 05:51:11,687 BAD EPOCHS (no improvement): 0
2020-04-06 05:51:15,934 ----------------------------------------------------------------------------------------------------
2020-04-06 05:51:44,131 epoch 43 - iter 37/375 - loss 2.02214735 - samples/sec: 10.50
2020-04-06 05:52:14,951 epoch 43 - iter 74/375 - loss 2.19825063 - samples/sec: 10.14
2020-04-06 05:52:48,363 epoch 43 - iter 111/375 - loss 2.37158550 - samples/sec: 9.29
2020-04-06 05:53:15,882 epoch 43 - iter 148/375 - loss 2.27259700 - samples/sec: 11.46
2020-04-06 05:53:48,337 epoch 43 - iter 185/375 - loss 2.29008336 - samples/sec: 9.60
2020-04-06 05:54:17,166 epoch 43 - iter 222/375 - loss 2.25108454 - samples/sec: 10.90
2020-04-06 05:54:53,320 epoch 43 - iter 259/375 - loss 2.31482303 - samples/sec: 8.58
2020-04-06 05:55:30,653 epoch 43 - iter 296/375 - loss 2.35855616 - samples/sec: 8.28
2020-04-06 05:56:05,752 epoch 43 - iter 333/375 - loss 2.40030066 - samples/sec: 8.83
2020-04-06 05:56:32,492 epoch 43 - iter 370/375 - loss 2.35005449 - samples/sec: 11.77
2020-04-06 05:56:36,700 ----------------------------------------------------------------------------------------------------
2020-04-06 05:56:36,701 EPOCH 43 done: loss 2.3488 - lr 0.0500
2020-04-06 05:57:07,675 DEV : loss 2.499840497970581 - score 0.8392
2020-04-06 05:57:07,819 BAD EPOCHS (no improvement): 0
2020-04-06 05:57:12,411 ----------------------------------------------------------------------------------------------------
2020-04-06 05:57:43,239 epoch 44 - iter 37/375 - loss 2.30891252 - samples/sec: 9.60
2020-04-06 05:58:19,012 epoch 44 - iter 74/375 - loss 2.26335505 - samples/sec: 8.67
2020-04-06 05:58:50,960 epoch 44 - iter 111/375 - loss 2.22004887 - samples/sec: 9.78
2020-04-06 05:59:19,643 epoch 44 - iter 148/375 - loss 2.18860797 - samples/sec: 10.94
2020-04-06 05:59:49,444 epoch 44 - iter 185/375 - loss 2.21027055 - samples/sec: 10.46
2020-04-06 06:00:25,675 epoch 44 - iter 222/375 - loss 2.24045177 - samples/sec: 8.54
2020-04-06 06:00:59,678 epoch 44 - iter 259/375 - loss 2.24756534 - samples/sec: 9.13
2020-04-06 06:01:28,506 epoch 44 - iter 296/375 - loss 2.22224279 - samples/sec: 10.86
2020-04-06 06:01:58,930 epoch 44 - iter 333/375 - loss 2.25150629 - samples/sec: 10.28
2020-04-06 06:02:32,995 epoch 44 - iter 370/375 - loss 2.31221660 - samples/sec: 9.12
2020-04-06 06:02:39,912 ----------------------------------------------------------------------------------------------------
2020-04-06 06:02:39,913 EPOCH 44 done: loss 2.3032 - lr 0.0500
2020-04-06 06:03:10,904 DEV : loss 2.6345016956329346 - score 0.8352
2020-04-06 06:03:11,046 BAD EPOCHS (no improvement): 1
2020-04-06 06:03:11,054 ----------------------------------------------------------------------------------------------------
2020-04-06 06:03:45,761 epoch 45 - iter 37/375 - loss 2.77265046 - samples/sec: 8.53
2020-04-06 06:04:22,122 epoch 45 - iter 74/375 - loss 2.59515460 - samples/sec: 8.51
2020-04-06 06:04:50,779 epoch 45 - iter 111/375 - loss 2.33864404 - samples/sec: 10.91
2020-04-06 06:05:26,255 epoch 45 - iter 148/375 - loss 2.36207799 - samples/sec: 8.73
2020-04-06 06:05:56,452 epoch 45 - iter 185/375 - loss 2.31627450 - samples/sec: 10.32
2020-04-06 06:06:28,784 epoch 45 - iter 222/375 - loss 2.34827370 - samples/sec: 9.62
2020-04-06 06:07:00,238 epoch 45 - iter 259/375 - loss 2.28826937 - samples/sec: 9.93
2020-04-06 06:07:28,829 epoch 45 - iter 296/375 - loss 2.30369708 - samples/sec: 10.98
2020-04-06 06:08:00,388 epoch 45 - iter 333/375 - loss 2.31981236 - samples/sec: 9.89
2020-04-06 06:08:27,186 epoch 45 - iter 370/375 - loss 2.25231353 - samples/sec: 11.73
2020-04-06 06:08:33,336 ----------------------------------------------------------------------------------------------------
2020-04-06 06:08:33,337 EPOCH 45 done: loss 2.2671 - lr 0.0500
2020-04-06 06:09:03,944 DEV : loss 2.563730001449585 - score 0.8342
2020-04-06 06:09:04,083 BAD EPOCHS (no improvement): 2
2020-04-06 06:09:04,091 ----------------------------------------------------------------------------------------------------
2020-04-06 06:09:31,780 epoch 46 - iter 37/375 - loss 2.24503676 - samples/sec: 10.69
2020-04-06 06:10:00,146 epoch 46 - iter 74/375 - loss 2.02089658 - samples/sec: 11.05
2020-04-06 06:10:35,365 epoch 46 - iter 111/375 - loss 2.15778318 - samples/sec: 8.82
2020-04-06 06:11:10,526 epoch 46 - iter 148/375 - loss 2.18052331 - samples/sec: 8.83
2020-04-06 06:11:44,387 epoch 46 - iter 185/375 - loss 2.25387859 - samples/sec: 9.16
2020-04-06 06:12:17,323 epoch 46 - iter 222/375 - loss 2.26337215 - samples/sec: 9.44
2020-04-06 06:12:46,957 epoch 46 - iter 259/375 - loss 2.24444546 - samples/sec: 10.57
2020-04-06 06:13:17,345 epoch 46 - iter 296/375 - loss 2.29817052 - samples/sec: 10.30
2020-04-06 06:13:54,456 epoch 46 - iter 333/375 - loss 2.31586377 - samples/sec: 8.37
2020-04-06 06:14:24,693 epoch 46 - iter 370/375 - loss 2.27694558 - samples/sec: 10.33
2020-04-06 06:14:29,439 ----------------------------------------------------------------------------------------------------
2020-04-06 06:14:29,440 EPOCH 46 done: loss 2.2752 - lr 0.0500
2020-04-06 06:15:00,016 DEV : loss 2.528048038482666 - score 0.8369
2020-04-06 06:15:00,155 BAD EPOCHS (no improvement): 3
2020-04-06 06:15:00,162 ----------------------------------------------------------------------------------------------------
2020-04-06 06:15:25,198 epoch 47 - iter 37/375 - loss 1.80465118 - samples/sec: 11.83
2020-04-06 06:15:53,015 epoch 47 - iter 74/375 - loss 1.84254852 - samples/sec: 11.28
2020-04-06 06:16:24,347 epoch 47 - iter 111/375 - loss 1.95568591 - samples/sec: 9.94
2020-04-06 06:16:55,097 epoch 47 - iter 148/375 - loss 1.92279616 - samples/sec: 10.13
2020-04-06 06:17:24,265 epoch 47 - iter 185/375 - loss 2.03985042 - samples/sec: 10.72
2020-04-06 06:17:58,043 epoch 47 - iter 222/375 - loss 2.07762340 - samples/sec: 9.18
2020-04-06 06:18:28,965 epoch 47 - iter 259/375 - loss 2.11369095 - samples/sec: 10.07
2020-04-06 06:19:07,916 epoch 47 - iter 296/375 - loss 2.19753391 - samples/sec: 7.92
2020-04-06 06:19:39,936 epoch 47 - iter 333/375 - loss 2.22203056 - samples/sec: 9.71
2020-04-06 06:20:16,087 epoch 47 - iter 370/375 - loss 2.25951580 - samples/sec: 8.57
2020-04-06 06:20:21,583 ----------------------------------------------------------------------------------------------------
2020-04-06 06:20:21,585 EPOCH 47 done: loss 2.2602 - lr 0.0500
2020-04-06 06:20:52,804 DEV : loss 2.5204830169677734 - score 0.8377
2020-04-06 06:20:52,945 BAD EPOCHS (no improvement): 4
2020-04-06 06:20:52,953 ----------------------------------------------------------------------------------------------------
2020-04-06 06:21:23,598 epoch 48 - iter 37/375 - loss 1.96941657 - samples/sec: 9.66
2020-04-06 06:22:00,091 epoch 48 - iter 74/375 - loss 2.32606521 - samples/sec: 8.46
2020-04-06 06:22:27,772 epoch 48 - iter 111/375 - loss 2.17312248 - samples/sec: 11.38
2020-04-06 06:22:53,136 epoch 48 - iter 148/375 - loss 2.07215438 - samples/sec: 12.47
2020-04-06 06:23:29,903 epoch 48 - iter 185/375 - loss 2.13084350 - samples/sec: 8.43
2020-04-06 06:24:00,983 epoch 48 - iter 222/375 - loss 2.09466588 - samples/sec: 10.05
2020-04-06 06:24:34,700 epoch 48 - iter 259/375 - loss 2.11741974 - samples/sec: 9.28
2020-04-06 06:25:09,882 epoch 48 - iter 296/375 - loss 2.13704367 - samples/sec: 8.79
2020-04-06 06:25:44,193 epoch 48 - iter 333/375 - loss 2.15061911 - samples/sec: 9.03
2020-04-06 06:26:13,413 epoch 48 - iter 370/375 - loss 2.14698588 - samples/sec: 10.70
2020-04-06 06:26:18,731 ----------------------------------------------------------------------------------------------------
2020-04-06 06:26:18,732 EPOCH 48 done: loss 2.1437 - lr 0.0250
2020-04-06 06:26:49,546 DEV : loss 2.5322015285491943 - score 0.8383
2020-04-06 06:26:49,678 BAD EPOCHS (no improvement): 1
2020-04-06 06:26:49,688 ----------------------------------------------------------------------------------------------------
2020-04-06 06:27:19,990 epoch 49 - iter 37/375 - loss 2.41048457 - samples/sec: 9.77
2020-04-06 06:27:51,741 epoch 49 - iter 74/375 - loss 2.21526363 - samples/sec: 9.83
2020-04-06 06:28:23,156 epoch 49 - iter 111/375 - loss 2.21561267 - samples/sec: 9.90
2020-04-06 06:28:59,374 epoch 49 - iter 148/375 - loss 2.22999376 - samples/sec: 8.53
2020-04-06 06:29:27,779 epoch 49 - iter 185/375 - loss 2.12793234 - samples/sec: 11.05
2020-04-06 06:30:07,529 epoch 49 - iter 222/375 - loss 2.17030279 - samples/sec: 7.76
2020-04-06 06:30:35,156 epoch 49 - iter 259/375 - loss 2.18250110 - samples/sec: 11.40
2020-04-06 06:31:00,787 epoch 49 - iter 296/375 - loss 2.10523347 - samples/sec: 12.27
2020-04-06 06:31:28,804 epoch 49 - iter 333/375 - loss 2.09858314 - samples/sec: 11.18
2020-04-06 06:32:07,765 epoch 49 - iter 370/375 - loss 2.11837530 - samples/sec: 7.92
2020-04-06 06:32:14,089 ----------------------------------------------------------------------------------------------------
2020-04-06 06:32:14,091 EPOCH 49 done: loss 2.1214 - lr 0.0250
2020-04-06 06:32:45,066 DEV : loss 2.5316455364227295 - score 0.8402
2020-04-06 06:32:45,201 BAD EPOCHS (no improvement): 0
2020-04-06 06:32:49,766 ----------------------------------------------------------------------------------------------------
2020-04-06 06:33:20,411 epoch 50 - iter 37/375 - loss 2.08926336 - samples/sec: 9.66
2020-04-06 06:33:54,703 epoch 50 - iter 74/375 - loss 2.05415916 - samples/sec: 9.07
2020-04-06 06:34:26,332 epoch 50 - iter 111/375 - loss 2.03298511 - samples/sec: 9.95
2020-04-06 06:34:57,101 epoch 50 - iter 148/375 - loss 1.93666180 - samples/sec: 10.17
2020-04-06 06:35:34,358 epoch 50 - iter 185/375 - loss 2.02984921 - samples/sec: 8.30
2020-04-06 06:36:08,300 epoch 50 - iter 222/375 - loss 2.06513396 - samples/sec: 9.16
2020-04-06 06:36:37,619 epoch 50 - iter 259/375 - loss 2.03314472 - samples/sec: 10.72
2020-04-06 06:37:09,166 epoch 50 - iter 296/375 - loss 2.06335126 - samples/sec: 9.89
2020-04-06 06:37:42,514 epoch 50 - iter 333/375 - loss 2.04436547 - samples/sec: 9.36
2020-04-06 06:38:11,347 epoch 50 - iter 370/375 - loss 2.04637286 - samples/sec: 10.87
2020-04-06 06:38:15,829 ----------------------------------------------------------------------------------------------------
2020-04-06 06:38:15,831 EPOCH 50 done: loss 2.0371 - lr 0.0250
2020-04-06 06:38:47,102 DEV : loss 2.4980247020721436 - score 0.8371
2020-04-06 06:38:47,239 BAD EPOCHS (no improvement): 1
2020-04-06 06:38:51,882 ----------------------------------------------------------------------------------------------------
2020-04-06 06:38:51,883 Testing using best model ...
2020-04-06 06:38:51,885 loading file resources\taggers\example-ner\best-model.pt
2020-04-06 06:45:47,796 0.8818	0.8637	0.8727
2020-04-06 06:45:47,797 
MICRO_AVG: acc 0.7742 - f1-score 0.8727
MACRO_AVG: acc 0.7742 - f1-score 0.8727
SKILL      tp: 3493 - fp: 468 - fn: 551 - tn: 3493 - precision: 0.8818 - recall: 0.8637 - accuracy: 0.7742 - f1-score: 0.8727
2020-04-06 06:45:47,798 ----------------------------------------------------------------------------------------------------
